<?xml version="1.0" encoding="UTF-8"?>
<coverage generated="1681496759798" clover="3.2.0">
  <project timestamp="1681496759798" name="All files">
    <metrics statements="9" coveredstatements="9" conditionals="4" coveredconditionals="4" methods="3" coveredmethods="3" elements="16" coveredelements="16" complexity="0" loc="9" ncloc="9" packages="1" files="1" classes="1"/>
    <file name="auth.js" path="/Users/johnfredriksson/Projects/Exjobb/pea-to-hs/src/models/auth.js">
      <metrics statements="9" coveredstatements="9" conditionals="4" coveredconditionals="4" methods="3" coveredmethods="3"/>
      <line num="3" count="3" type="stmt"/>
      <line num="16" count="2" type="stmt"/>
      <line num="21" count="2" type="stmt"/>
      <line num="23" count="2" type="cond" truecount="2" falsecount="0"/>
      <line num="24" count="1" type="stmt"/>
      <line num="27" count="1" type="stmt"/>
      <line num="41" count="1" type="stmt"/>
      <line num="56" count="2" type="cond" truecount="2" falsecount="0"/>
      <line num="60" count="3" type="stmt"/>
    </file>
  </project>
</coverage>
