{"/Users/johnfredriksson/Projects/Exjobb/pea-to-hs/src/models/auth.js": {"path":"/Users/johnfredriksson/Projects/Exjobb/pea-to-hs/src/models/auth.js","statementMap":{"0":{"start":{"line":3,"column":13},"end":{"line":58,"column":1}},"1":{"start":{"line":16,"column":21},"end":{"line":20,"column":10}},"2":{"start":{"line":21,"column":17},"end":{"line":21,"column":38}},"3":{"start":{"line":23,"column":4},"end":{"line":25,"column":5}},"4":{"start":{"line":24,"column":6},"end":{"line":24,"column":18}},"5":{"start":{"line":27,"column":4},"end":{"line":27,"column":51}},"6":{"start":{"line":41,"column":4},"end":{"line":44,"column":43}},"7":{"start":{"line":56,"column":4},"end":{"line":56,"column":47}},"8":{"start":{"line":60,"column":0},"end":{"line":60,"column":22}}},"fnMap":{"0":{"name":"(anonymous_0)","decl":{"start":{"line":15,"column":20},"end":{"line":15,"column":21}},"loc":{"start":{"line":15,"column":40},"end":{"line":28,"column":3}},"line":15},"1":{"name":"(anonymous_1)","decl":{"start":{"line":40,"column":11},"end":{"line":40,"column":12}},"loc":{"start":{"line":40,"column":45},"end":{"line":45,"column":3}},"line":40},"2":{"name":"(anonymous_2)","decl":{"start":{"line":55,"column":16},"end":{"line":55,"column":17}},"loc":{"start":{"line":55,"column":42},"end":{"line":57,"column":3}},"line":55}},"branchMap":{"0":{"loc":{"start":{"line":23,"column":4},"end":{"line":25,"column":5}},"type":"if","locations":[{"start":{"line":23,"column":4},"end":{"line":25,"column":5}},{"start":{},"end":{}}],"line":23},"1":{"loc":{"start":{"line":56,"column":11},"end":{"line":56,"column":46}},"type":"cond-expr","locations":[{"start":{"line":56,"column":34},"end":{"line":56,"column":38}},{"start":{"line":56,"column":41},"end":{"line":56,"column":46}}],"line":56}},"s":{"0":3,"1":2,"2":2,"3":2,"4":1,"5":1,"6":1,"7":2,"8":3},"f":{"0":2,"1":1,"2":2},"b":{"0":[1,1],"1":[1,1]},"_coverageSchema":"1a1c01bbd47fc00a2c39e90264f33305004495a9","hash":"6ad4f9fe40c7a6e57a202273595b724a99c8ea7f"}
,"/Users/johnfredriksson/Projects/Exjobb/pea-to-hs/src/models/fetcher.js": {"path":"/Users/johnfredriksson/Projects/Exjobb/pea-to-hs/src/models/fetcher.js","statementMap":{"0":{"start":{"line":3,"column":16},"end":{"line":49,"column":1}},"1":{"start":{"line":13,"column":21},"end":{"line":16,"column":5}},"2":{"start":{"line":17,"column":4},"end":{"line":19,"column":5}},"3":{"start":{"line":18,"column":6},"end":{"line":18,"column":45}},"4":{"start":{"line":21,"column":17},"end":{"line":21,"column":38}},"5":{"start":{"line":23,"column":4},"end":{"line":25,"column":5}},"6":{"start":{"line":24,"column":6},"end":{"line":24,"column":57}},"7":{"start":{"line":27,"column":4},"end":{"line":27,"column":24}},"8":{"start":{"line":38,"column":22},"end":{"line":38,"column":24}},"9":{"start":{"line":40,"column":21},"end":{"line":40,"column":73}},"10":{"start":{"line":42,"column":17},"end":{"line":42,"column":31}},"11":{"start":{"line":43,"column":4},"end":{"line":45,"column":7}},"12":{"start":{"line":44,"column":6},"end":{"line":44,"column":54}},"13":{"start":{"line":47,"column":4},"end":{"line":47,"column":21}},"14":{"start":{"line":51,"column":0},"end":{"line":51,"column":25}}},"fnMap":{"0":{"name":"(anonymous_0)","decl":{"start":{"line":12,"column":17},"end":{"line":12,"column":18}},"loc":{"start":{"line":12,"column":46},"end":{"line":28,"column":3}},"line":12},"1":{"name":"(anonymous_1)","decl":{"start":{"line":37,"column":18},"end":{"line":37,"column":19}},"loc":{"start":{"line":37,"column":43},"end":{"line":48,"column":3}},"line":37},"2":{"name":"(anonymous_2)","decl":{"start":{"line":43,"column":25},"end":{"line":43,"column":26}},"loc":{"start":{"line":43,"column":38},"end":{"line":45,"column":5}},"line":43}},"branchMap":{"0":{"loc":{"start":{"line":17,"column":4},"end":{"line":19,"column":5}},"type":"if","locations":[{"start":{"line":17,"column":4},"end":{"line":19,"column":5}},{"start":{},"end":{}}],"line":17},"1":{"loc":{"start":{"line":23,"column":4},"end":{"line":25,"column":5}},"type":"if","locations":[{"start":{"line":23,"column":4},"end":{"line":25,"column":5}},{"start":{},"end":{}}],"line":23}},"s":{"0":2,"1":3,"2":3,"3":1,"4":2,"5":2,"6":1,"7":1,"8":3,"9":3,"10":3,"11":3,"12":4,"13":3,"14":2},"f":{"0":3,"1":3,"2":4},"b":{"0":[1,2],"1":[1,1]},"_coverageSchema":"1a1c01bbd47fc00a2c39e90264f33305004495a9","hash":"035b2c136251a1051f90eaa95f2b7e0b93737100"}
,"/Users/johnfredriksson/Projects/Exjobb/pea-to-hs/src/models/move.js": {"path":"/Users/johnfredriksson/Projects/Exjobb/pea-to-hs/src/models/move.js","statementMap":{"0":{"start":{"line":1,"column":13},"end":{"line":63,"column":1}},"1":{"start":{"line":9,"column":26},"end":{"line":11,"column":5}},"2":{"start":{"line":13,"column":4},"end":{"line":35,"column":5}},"3":{"start":{"line":14,"column":6},"end":{"line":34,"column":7}},"4":{"start":{"line":16,"column":10},"end":{"line":16,"column":48}},"5":{"start":{"line":17,"column":10},"end":{"line":17,"column":16}},"6":{"start":{"line":19,"column":10},"end":{"line":19,"column":54}},"7":{"start":{"line":20,"column":24},"end":{"line":20,"column":40}},"8":{"start":{"line":21,"column":10},"end":{"line":23,"column":11}},"9":{"start":{"line":22,"column":12},"end":{"line":22,"column":55}},"10":{"start":{"line":24,"column":10},"end":{"line":24,"column":16}},"11":{"start":{"line":26,"column":10},"end":{"line":26,"column":49}},"12":{"start":{"line":27,"column":10},"end":{"line":27,"column":16}},"13":{"start":{"line":29,"column":10},"end":{"line":29,"column":63}},"14":{"start":{"line":30,"column":10},"end":{"line":30,"column":64}},"15":{"start":{"line":31,"column":10},"end":{"line":31,"column":58}},"16":{"start":{"line":32,"column":10},"end":{"line":32,"column":59}},"17":{"start":{"line":33,"column":10},"end":{"line":33,"column":62}},"18":{"start":{"line":37,"column":4},"end":{"line":37,"column":25}},"19":{"start":{"line":40,"column":25},"end":{"line":40,"column":27}},"20":{"start":{"line":41,"column":30},"end":{"line":41,"column":32}},"21":{"start":{"line":43,"column":4},"end":{"line":50,"column":7}},"22":{"start":{"line":44,"column":6},"end":{"line":49,"column":7}},"23":{"start":{"line":45,"column":8},"end":{"line":45,"column":56}},"24":{"start":{"line":46,"column":8},"end":{"line":46,"column":40}},"25":{"start":{"line":48,"column":8},"end":{"line":48,"column":35}},"26":{"start":{"line":51,"column":4},"end":{"line":53,"column":6}},"27":{"start":{"line":54,"column":4},"end":{"line":56,"column":6}},"28":{"start":{"line":58,"column":4},"end":{"line":61,"column":6}},"29":{"start":{"line":65,"column":0},"end":{"line":65,"column":22}}},"fnMap":{"0":{"name":"(anonymous_0)","decl":{"start":{"line":8,"column":23},"end":{"line":8,"column":24}},"loc":{"start":{"line":8,"column":35},"end":{"line":38,"column":3}},"line":8},"1":{"name":"(anonymous_1)","decl":{"start":{"line":39,"column":17},"end":{"line":39,"column":18}},"loc":{"start":{"line":39,"column":64},"end":{"line":62,"column":3}},"line":39},"2":{"name":"(anonymous_2)","decl":{"start":{"line":43,"column":22},"end":{"line":43,"column":23}},"loc":{"start":{"line":43,"column":35},"end":{"line":50,"column":5}},"line":43}},"branchMap":{"0":{"loc":{"start":{"line":14,"column":6},"end":{"line":34,"column":7}},"type":"switch","locations":[{"start":{"line":15,"column":8},"end":{"line":17,"column":16}},{"start":{"line":18,"column":8},"end":{"line":24,"column":16}},{"start":{"line":25,"column":8},"end":{"line":27,"column":16}},{"start":{"line":28,"column":8},"end":{"line":33,"column":62}}],"line":14},"1":{"loc":{"start":{"line":21,"column":10},"end":{"line":23,"column":11}},"type":"if","locations":[{"start":{"line":21,"column":10},"end":{"line":23,"column":11}},{"start":{},"end":{}}],"line":21},"2":{"loc":{"start":{"line":44,"column":6},"end":{"line":49,"column":7}},"type":"if","locations":[{"start":{"line":44,"column":6},"end":{"line":49,"column":7}},{"start":{"line":47,"column":13},"end":{"line":49,"column":7}}],"line":44}},"s":{"0":2,"1":4,"2":4,"3":12,"4":4,"5":4,"6":2,"7":2,"8":2,"9":1,"10":2,"11":3,"12":3,"13":3,"14":3,"15":3,"16":3,"17":3,"18":4,"19":5,"20":5,"21":5,"22":8,"23":4,"24":4,"25":4,"26":5,"27":5,"28":5,"29":2},"f":{"0":4,"1":5,"2":8},"b":{"0":[4,2,3,3],"1":[1,1],"2":[4,4]},"_coverageSchema":"1a1c01bbd47fc00a2c39e90264f33305004495a9","hash":"a9879dcd0c2a28b0c2cb815a9c11ef317bdba234"}
}
