TN:
SF:src/models/auth.js
FN:15,(anonymous_0)
FN:40,(anonymous_1)
FN:55,(anonymous_2)
FNF:3
FNH:3
FNDA:2,(anonymous_0)
FNDA:1,(anonymous_1)
FNDA:2,(anonymous_2)
DA:3,3
DA:16,2
DA:21,2
DA:23,2
DA:24,1
DA:27,1
DA:41,1
DA:56,2
DA:60,3
LF:9
LH:9
BRDA:23,0,0,1
BRDA:23,0,1,1
BRDA:56,1,0,1
BRDA:56,1,1,1
BRF:4
BRH:4
end_of_record
TN:
SF:src/models/fetcher.js
FN:12,(anonymous_0)
FN:37,(anonymous_1)
FN:43,(anonymous_2)
FNF:3
FNH:3
FNDA:3,(anonymous_0)
FNDA:3,(anonymous_1)
FNDA:4,(anonymous_2)
DA:3,2
DA:13,3
DA:17,3
DA:18,1
DA:21,2
DA:23,2
DA:24,1
DA:27,1
DA:38,3
DA:40,3
DA:42,3
DA:43,3
DA:44,4
DA:47,3
DA:51,2
LF:15
LH:15
BRDA:17,0,0,1
BRDA:17,0,1,2
BRDA:23,1,0,1
BRDA:23,1,1,1
BRF:4
BRH:4
end_of_record
TN:
SF:src/models/move.js
FN:8,(anonymous_0)
FN:36,(anonymous_1)
FN:40,(anonymous_2)
FNF:3
FNH:3
FNDA:3,(anonymous_0)
FNDA:5,(anonymous_1)
FNDA:8,(anonymous_2)
DA:1,2
DA:9,3
DA:13,3
DA:14,8
DA:16,3
DA:17,3
DA:19,1
DA:20,1
DA:21,1
DA:23,2
DA:24,2
DA:26,2
DA:27,2
DA:28,2
DA:29,2
DA:30,2
DA:34,3
DA:37,5
DA:38,5
DA:40,5
DA:41,8
DA:42,4
DA:43,4
DA:45,4
DA:48,5
DA:51,5
DA:55,5
DA:62,2
LF:28
LH:28
BRDA:14,0,0,3
BRDA:14,0,1,1
BRDA:14,0,2,2
BRDA:14,0,3,2
BRDA:41,1,0,4
BRDA:41,1,1,4
BRF:6
BRH:6
end_of_record
